1695938414.292783 client started (24621): version 3.3a, socket /tmp/tmux-1000/default, protocol 8
1695938414.292794 on Linux 6.5.5-200.fc38.x86_64 #1 SMP PREEMPT_DYNAMIC Sun Sep 24 15:52:44 UTC 2023
1695938414.292798 using libevent 2.1.12-stable (poll); ncurses 6.4
1695938414.292805 flags are 0x10010000
1695938414.292807 socket is /tmp/tmux-1000/default
1695938414.292817 trying connect
1695938414.292848 add peer 0x55a9b3612760: 6 ((nil))
1695938414.293006 sending message 100 to peer 0x55a9b3612760 (4 bytes)
1695938414.293010 sending message 111 to peer 0x55a9b3612760 (8 bytes)
1695938414.293012 sending message 101 to peer 0x55a9b3612760 (14 bytes)
1695938414.293014 sending message 109 to peer 0x55a9b3612760 (4 bytes)
1695938414.293016 sending message 102 to peer 0x55a9b3612760 (11 bytes)
1695938414.293018 sending message 108 to peer 0x55a9b3612760 (27 bytes)
1695938414.293020 sending message 112 to peer 0x55a9b3612760 (70 bytes)
1695938414.293022 sending message 112 to peer 0x55a9b3612760 (5 bytes)
1695938414.293024 sending message 112 to peer 0x55a9b3612760 (5 bytes)
1695938414.293026 sending message 112 to peer 0x55a9b3612760 (6 bytes)
1695938414.293028 sending message 112 to peer 0x55a9b3612760 (6 bytes)
1695938414.293029 sending message 112 to peer 0x55a9b3612760 (11 bytes)
1695938414.293031 sending message 112 to peer 0x55a9b3612760 (10 bytes)
1695938414.293033 sending message 112 to peer 0x55a9b3612760 (13 bytes)
1695938414.293035 sending message 112 to peer 0x55a9b3612760 (13 bytes)
1695938414.293037 sending message 112 to peer 0x55a9b3612760 (18 bytes)
1695938414.293038 sending message 112 to peer 0x55a9b3612760 (11 bytes)
1695938414.293040 sending message 112 to peer 0x55a9b3612760 (10 bytes)
1695938414.293042 sending message 112 to peer 0x55a9b3612760 (15 bytes)
1695938414.293044 sending message 112 to peer 0x55a9b3612760 (21 bytes)
1695938414.293046 sending message 112 to peer 0x55a9b3612760 (13 bytes)
1695938414.293048 sending message 112 to peer 0x55a9b3612760 (7 bytes)
1695938414.293050 sending message 112 to peer 0x55a9b3612760 (13 bytes)
1695938414.293052 sending message 112 to peer 0x55a9b3612760 (7 bytes)
1695938414.293054 sending message 112 to peer 0x55a9b3612760 (13 bytes)
1695938414.293056 sending message 112 to peer 0x55a9b3612760 (9 bytes)
1695938414.293057 sending message 112 to peer 0x55a9b3612760 (21 bytes)
1695938414.293059 sending message 112 to peer 0x55a9b3612760 (13 bytes)
1695938414.293061 sending message 112 to peer 0x55a9b3612760 (8 bytes)
1695938414.293063 sending message 112 to peer 0x55a9b3612760 (12 bytes)
1695938414.293065 sending message 112 to peer 0x55a9b3612760 (13 bytes)
1695938414.293067 sending message 112 to peer 0x55a9b3612760 (9 bytes)
1695938414.293069 sending message 112 to peer 0x55a9b3612760 (9 bytes)
1695938414.293070 sending message 112 to peer 0x55a9b3612760 (12 bytes)
1695938414.293072 sending message 112 to peer 0x55a9b3612760 (8 bytes)
1695938414.293074 sending message 112 to peer 0x55a9b3612760 (8 bytes)
1695938414.293076 sending message 112 to peer 0x55a9b3612760 (7 bytes)
1695938414.293078 sending message 112 to peer 0x55a9b3612760 (7 bytes)
1695938414.293079 sending message 112 to peer 0x55a9b3612760 (9 bytes)
1695938414.293081 sending message 112 to peer 0x55a9b3612760 (13 bytes)
1695938414.293083 sending message 112 to peer 0x55a9b3612760 (6 bytes)
1695938414.293085 sending message 112 to peer 0x55a9b3612760 (9 bytes)
1695938414.293087 sending message 112 to peer 0x55a9b3612760 (15 bytes)
1695938414.293089 sending message 112 to peer 0x55a9b3612760 (13 bytes)
1695938414.293090 sending message 112 to peer 0x55a9b3612760 (12 bytes)
1695938414.293092 sending message 112 to peer 0x55a9b3612760 (8 bytes)
1695938414.293094 sending message 112 to peer 0x55a9b3612760 (14 bytes)
1695938414.293096 sending message 112 to peer 0x55a9b3612760 (11 bytes)
1695938414.293098 sending message 112 to peer 0x55a9b3612760 (9 bytes)
1695938414.293100 sending message 112 to peer 0x55a9b3612760 (10 bytes)
1695938414.293102 sending message 112 to peer 0x55a9b3612760 (10 bytes)
1695938414.293103 sending message 112 to peer 0x55a9b3612760 (10 bytes)
1695938414.293109 sending message 112 to peer 0x55a9b3612760 (10 bytes)
1695938414.293112 sending message 112 to peer 0x55a9b3612760 (11 bytes)
1695938414.293114 sending message 112 to peer 0x55a9b3612760 (12 bytes)
1695938414.293116 sending message 112 to peer 0x55a9b3612760 (12 bytes)
1695938414.293118 sending message 112 to peer 0x55a9b3612760 (12 bytes)
1695938414.293120 sending message 112 to peer 0x55a9b3612760 (12 bytes)
1695938414.293122 sending message 112 to peer 0x55a9b3612760 (12 bytes)
1695938414.293123 sending message 112 to peer 0x55a9b3612760 (11 bytes)
1695938414.293125 sending message 112 to peer 0x55a9b3612760 (11 bytes)
1695938414.293127 sending message 112 to peer 0x55a9b3612760 (12 bytes)
1695938414.293129 sending message 112 to peer 0x55a9b3612760 (12 bytes)
1695938414.293131 sending message 112 to peer 0x55a9b3612760 (12 bytes)
1695938414.293133 sending message 112 to peer 0x55a9b3612760 (12 bytes)
1695938414.293135 sending message 112 to peer 0x55a9b3612760 (12 bytes)
1695938414.293136 sending message 112 to peer 0x55a9b3612760 (10 bytes)
1695938414.293138 sending message 112 to peer 0x55a9b3612760 (12 bytes)
1695938414.293140 sending message 112 to peer 0x55a9b3612760 (13 bytes)
1695938414.293142 sending message 112 to peer 0x55a9b3612760 (13 bytes)
1695938414.293144 sending message 112 to peer 0x55a9b3612760 (13 bytes)
1695938414.293146 sending message 112 to peer 0x55a9b3612760 (13 bytes)
1695938414.293148 sending message 112 to peer 0x55a9b3612760 (13 bytes)
1695938414.293150 sending message 112 to peer 0x55a9b3612760 (8 bytes)
1695938414.293152 sending message 112 to peer 0x55a9b3612760 (11 bytes)
1695938414.293153 sending message 112 to peer 0x55a9b3612760 (11 bytes)
1695938414.293155 sending message 112 to peer 0x55a9b3612760 (11 bytes)
1695938414.293157 sending message 112 to peer 0x55a9b3612760 (12 bytes)
1695938414.293159 sending message 112 to peer 0x55a9b3612760 (12 bytes)
1695938414.293161 sending message 112 to peer 0x55a9b3612760 (12 bytes)
1695938414.293163 sending message 112 to peer 0x55a9b3612760 (12 bytes)
1695938414.293165 sending message 112 to peer 0x55a9b3612760 (13 bytes)
1695938414.293166 sending message 112 to peer 0x55a9b3612760 (13 bytes)
1695938414.293168 sending message 112 to peer 0x55a9b3612760 (13 bytes)
1695938414.293170 sending message 112 to peer 0x55a9b3612760 (8 bytes)
1695938414.293172 sending message 112 to peer 0x55a9b3612760 (13 bytes)
1695938414.293174 sending message 112 to peer 0x55a9b3612760 (13 bytes)
1695938414.293176 sending message 112 to peer 0x55a9b3612760 (13 bytes)
1695938414.293181 sending message 112 to peer 0x55a9b3612760 (13 bytes)
1695938414.293206 sending message 112 to peer 0x55a9b3612760 (13 bytes)
1695938414.293207 sending message 112 to peer 0x55a9b3612760 (12 bytes)
1695938414.293209 sending message 112 to peer 0x55a9b3612760 (12 bytes)
1695938414.293211 sending message 112 to peer 0x55a9b3612760 (12 bytes)
1695938414.293213 sending message 112 to peer 0x55a9b3612760 (12 bytes)
1695938414.293215 sending message 112 to peer 0x55a9b3612760 (13 bytes)
1695938414.293217 sending message 112 to peer 0x55a9b3612760 (8 bytes)
1695938414.293219 sending message 112 to peer 0x55a9b3612760 (13 bytes)
1695938414.293221 sending message 112 to peer 0x55a9b3612760 (13 bytes)
1695938414.293223 sending message 112 to peer 0x55a9b3612760 (13 bytes)
1695938414.293225 sending message 112 to peer 0x55a9b3612760 (13 bytes)
1695938414.293227 sending message 112 to peer 0x55a9b3612760 (13 bytes)
1695938414.293229 sending message 112 to peer 0x55a9b3612760 (13 bytes)
1695938414.293231 sending message 112 to peer 0x55a9b3612760 (13 bytes)
1695938414.293233 sending message 112 to peer 0x55a9b3612760 (12 bytes)
1695938414.293235 sending message 112 to peer 0x55a9b3612760 (12 bytes)
1695938414.293237 sending message 112 to peer 0x55a9b3612760 (12 bytes)
1695938414.293239 sending message 112 to peer 0x55a9b3612760 (8 bytes)
1695938414.293255 sending message 112 to peer 0x55a9b3612760 (12 bytes)
1695938414.293257 sending message 112 to peer 0x55a9b3612760 (13 bytes)
1695938414.293260 sending message 112 to peer 0x55a9b3612760 (13 bytes)
1695938414.293277 sending message 112 to peer 0x55a9b3612760 (13 bytes)
1695938414.293279 sending message 112 to peer 0x55a9b3612760 (13 bytes)
1695938414.293281 sending message 112 to peer 0x55a9b3612760 (13 bytes)
1695938414.293283 sending message 112 to peer 0x55a9b3612760 (13 bytes)
1695938414.293285 sending message 112 to peer 0x55a9b3612760 (13 bytes)
1695938414.293287 sending message 112 to peer 0x55a9b3612760 (13 bytes)
1695938414.293289 sending message 112 to peer 0x55a9b3612760 (12 bytes)
1695938414.293291 sending message 112 to peer 0x55a9b3612760 (10 bytes)
1695938414.293293 sending message 112 to peer 0x55a9b3612760 (12 bytes)
1695938414.293294 sending message 112 to peer 0x55a9b3612760 (12 bytes)
1695938414.293296 sending message 112 to peer 0x55a9b3612760 (12 bytes)
1695938414.293298 sending message 112 to peer 0x55a9b3612760 (13 bytes)
1695938414.293300 sending message 112 to peer 0x55a9b3612760 (13 bytes)
1695938414.293302 sending message 112 to peer 0x55a9b3612760 (13 bytes)
1695938414.293304 sending message 112 to peer 0x55a9b3612760 (13 bytes)
1695938414.293306 sending message 112 to peer 0x55a9b3612760 (13 bytes)
1695938414.293307 sending message 112 to peer 0x55a9b3612760 (13 bytes)
1695938414.293309 sending message 112 to peer 0x55a9b3612760 (13 bytes)
1695938414.293311 sending message 112 to peer 0x55a9b3612760 (10 bytes)
1695938414.293313 sending message 112 to peer 0x55a9b3612760 (13 bytes)
1695938414.293315 sending message 112 to peer 0x55a9b3612760 (12 bytes)
1695938414.293317 sending message 112 to peer 0x55a9b3612760 (12 bytes)
1695938414.293319 sending message 112 to peer 0x55a9b3612760 (12 bytes)
1695938414.293321 sending message 112 to peer 0x55a9b3612760 (10 bytes)
1695938414.293323 sending message 112 to peer 0x55a9b3612760 (10 bytes)
1695938414.293325 sending message 112 to peer 0x55a9b3612760 (10 bytes)
1695938414.293326 sending message 112 to peer 0x55a9b3612760 (12 bytes)
1695938414.293328 sending message 112 to peer 0x55a9b3612760 (13 bytes)
1695938414.293330 sending message 112 to peer 0x55a9b3612760 (13 bytes)
1695938414.293332 sending message 112 to peer 0x55a9b3612760 (13 bytes)
1695938414.293334 sending message 112 to peer 0x55a9b3612760 (13 bytes)
1695938414.293336 sending message 112 to peer 0x55a9b3612760 (13 bytes)
1695938414.293338 sending message 112 to peer 0x55a9b3612760 (11 bytes)
1695938414.293339 sending message 112 to peer 0x55a9b3612760 (11 bytes)
1695938414.293341 sending message 112 to peer 0x55a9b3612760 (12 bytes)
1695938414.293343 sending message 112 to peer 0x55a9b3612760 (12 bytes)
1695938414.293345 sending message 112 to peer 0x55a9b3612760 (12 bytes)
1695938414.293347 sending message 112 to peer 0x55a9b3612760 (12 bytes)
1695938414.293349 sending message 112 to peer 0x55a9b3612760 (12 bytes)
1695938414.293351 sending message 112 to peer 0x55a9b3612760 (11 bytes)
1695938414.293352 sending message 112 to peer 0x55a9b3612760 (12 bytes)
1695938414.293354 sending message 112 to peer 0x55a9b3612760 (12 bytes)
1695938414.293356 sending message 112 to peer 0x55a9b3612760 (13 bytes)
1695938414.293358 sending message 112 to peer 0x55a9b3612760 (13 bytes)
1695938414.293360 sending message 112 to peer 0x55a9b3612760 (13 bytes)
1695938414.293362 sending message 112 to peer 0x55a9b3612760 (13 bytes)
1695938414.293364 sending message 112 to peer 0x55a9b3612760 (13 bytes)
1695938414.293366 sending message 112 to peer 0x55a9b3612760 (10 bytes)
1695938414.293368 sending message 112 to peer 0x55a9b3612760 (9 bytes)
1695938414.293370 sending message 112 to peer 0x55a9b3612760 (12 bytes)
1695938414.293371 sending message 112 to peer 0x55a9b3612760 (13 bytes)
1695938414.293373 sending message 112 to peer 0x55a9b3612760 (13 bytes)
1695938414.293375 sending message 112 to peer 0x55a9b3612760 (13 bytes)
1695938414.293377 sending message 112 to peer 0x55a9b3612760 (13 bytes)
1695938414.293379 sending message 112 to peer 0x55a9b3612760 (13 bytes)
1695938414.293384 sending message 112 to peer 0x55a9b3612760 (9 bytes)
1695938414.293386 sending message 112 to peer 0x55a9b3612760 (12 bytes)
1695938414.293388 sending message 112 to peer 0x55a9b3612760 (13 bytes)
1695938414.293389 sending message 112 to peer 0x55a9b3612760 (13 bytes)
1695938414.293391 sending message 112 to peer 0x55a9b3612760 (13 bytes)
1695938414.293393 sending message 112 to peer 0x55a9b3612760 (13 bytes)
1695938414.293395 sending message 112 to peer 0x55a9b3612760 (13 bytes)
1695938414.293397 sending message 112 to peer 0x55a9b3612760 (11 bytes)
1695938414.293399 sending message 112 to peer 0x55a9b3612760 (12 bytes)
1695938414.293401 sending message 112 to peer 0x55a9b3612760 (13 bytes)
1695938414.293403 sending message 112 to peer 0x55a9b3612760 (13 bytes)
1695938414.293405 sending message 112 to peer 0x55a9b3612760 (13 bytes)
1695938414.293406 sending message 112 to peer 0x55a9b3612760 (13 bytes)
1695938414.293408 sending message 112 to peer 0x55a9b3612760 (13 bytes)
1695938414.293410 sending message 112 to peer 0x55a9b3612760 (11 bytes)
1695938414.293412 sending message 112 to peer 0x55a9b3612760 (12 bytes)
1695938414.293414 sending message 112 to peer 0x55a9b3612760 (12 bytes)
1695938414.293416 sending message 112 to peer 0x55a9b3612760 (12 bytes)
1695938414.293418 sending message 112 to peer 0x55a9b3612760 (12 bytes)
1695938414.293420 sending message 112 to peer 0x55a9b3612760 (12 bytes)
1695938414.293422 sending message 112 to peer 0x55a9b3612760 (21 bytes)
1695938414.293423 sending message 112 to peer 0x55a9b3612760 (12 bytes)
1695938414.293427 sending message 112 to peer 0x55a9b3612760 (9 bytes)
1695938414.293429 sending message 112 to peer 0x55a9b3612760 (6 bytes)
1695938414.293430 sending message 112 to peer 0x55a9b3612760 (13 bytes)
1695938414.293432 sending message 112 to peer 0x55a9b3612760 (8 bytes)
1695938414.293434 sending message 112 to peer 0x55a9b3612760 (15 bytes)
1695938414.293436 sending message 112 to peer 0x55a9b3612760 (13 bytes)
1695938414.293438 sending message 112 to peer 0x55a9b3612760 (9 bytes)
1695938414.293440 sending message 112 to peer 0x55a9b3612760 (70 bytes)
1695938414.293442 sending message 112 to peer 0x55a9b3612760 (69 bytes)
1695938414.293444 sending message 112 to peer 0x55a9b3612760 (10 bytes)
1695938414.293446 sending message 112 to peer 0x55a9b3612760 (10 bytes)
1695938414.293448 sending message 112 to peer 0x55a9b3612760 (8 bytes)
1695938414.293449 sending message 112 to peer 0x55a9b3612760 (15 bytes)
1695938414.293451 sending message 112 to peer 0x55a9b3612760 (13 bytes)
1695938414.293453 sending message 112 to peer 0x55a9b3612760 (10 bytes)
1695938414.293455 sending message 112 to peer 0x55a9b3612760 (10 bytes)
1695938414.293457 sending message 112 to peer 0x55a9b3612760 (17 bytes)
1695938414.293459 sending message 112 to peer 0x55a9b3612760 (10 bytes)
1695938414.293460 sending message 112 to peer 0x55a9b3612760 (13 bytes)
1695938414.293462 sending message 112 to peer 0x55a9b3612760 (9 bytes)
1695938414.293464 sending message 112 to peer 0x55a9b3612760 (5 bytes)
1695938414.293466 sending message 112 to peer 0x55a9b3612760 (15 bytes)
1695938414.293468 sending message 104 to peer 0x55a9b3612760 (0 bytes)
1695938414.293470 sending message 110 to peer 0x55a9b3612760 (0 bytes)
1695938414.293472 sending message 107 to peer 0x55a9b3612760 (4 bytes)
1695938414.293474 sending message 105 to peer 0x55a9b3612760 (38 bytes)
1695938414.293476 sending message 105 to peer 0x55a9b3612760 (55 bytes)
1695938414.293478 sending message 105 to peer 0x55a9b3612760 (29 bytes)
1695938414.293480 sending message 105 to peer 0x55a9b3612760 (20 bytes)
1695938414.293482 sending message 105 to peer 0x55a9b3612760 (54 bytes)
1695938414.293484 sending message 105 to peer 0x55a9b3612760 (55 bytes)
1695938414.293486 sending message 105 to peer 0x55a9b3612760 (27 bytes)
1695938414.293487 sending message 105 to peer 0x55a9b3612760 (11 bytes)
1695938414.293489 sending message 105 to peer 0x55a9b3612760 (21 bytes)
1695938414.293491 sending message 105 to peer 0x55a9b3612760 (22 bytes)
1695938414.293495 sending message 105 to peer 0x55a9b3612760 (21 bytes)
1695938414.293497 sending message 105 to peer 0x55a9b3612760 (35 bytes)
1695938414.293499 sending message 105 to peer 0x55a9b3612760 (23 bytes)
1695938414.293501 sending message 105 to peer 0x55a9b3612760 (15 bytes)
1695938414.293503 sending message 105 to peer 0x55a9b3612760 (19 bytes)
1695938414.293505 sending message 105 to peer 0x55a9b3612760 (17 bytes)
1695938414.293506 sending message 105 to peer 0x55a9b3612760 (47 bytes)
1695938414.293508 sending message 105 to peer 0x55a9b3612760 (23 bytes)
1695938414.293510 sending message 105 to peer 0x55a9b3612760 (17 bytes)
1695938414.293512 sending message 105 to peer 0x55a9b3612760 (8 bytes)
1695938414.293514 sending message 105 to peer 0x55a9b3612760 (35 bytes)
1695938414.293516 sending message 105 to peer 0x55a9b3612760 (16 bytes)
1695938414.293517 sending message 105 to peer 0x55a9b3612760 (32 bytes)
1695938414.293520 sending message 105 to peer 0x55a9b3612760 (1770 bytes)
1695938414.293528 sending message 105 to peer 0x55a9b3612760 (29 bytes)
1695938414.293530 sending message 105 to peer 0x55a9b3612760 (16 bytes)
1695938414.293532 sending message 105 to peer 0x55a9b3612760 (21 bytes)
1695938414.293534 sending message 105 to peer 0x55a9b3612760 (11 bytes)
1695938414.293536 sending message 105 to peer 0x55a9b3612760 (434 bytes)
1695938414.293538 sending message 105 to peer 0x55a9b3612760 (41 bytes)
1695938414.293540 sending message 105 to peer 0x55a9b3612760 (31 bytes)
1695938414.293542 sending message 105 to peer 0x55a9b3612760 (18 bytes)
1695938414.293544 sending message 105 to peer 0x55a9b3612760 (78 bytes)
1695938414.293546 sending message 105 to peer 0x55a9b3612760 (15 bytes)
1695938414.293547 sending message 105 to peer 0x55a9b3612760 (8 bytes)
1695938414.293549 sending message 105 to peer 0x55a9b3612760 (19 bytes)
1695938414.293551 sending message 105 to peer 0x55a9b3612760 (41 bytes)
1695938414.293553 sending message 105 to peer 0x55a9b3612760 (22 bytes)
1695938414.293555 sending message 105 to peer 0x55a9b3612760 (19 bytes)
1695938414.293557 sending message 105 to peer 0x55a9b3612760 (18 bytes)
1695938414.293559 sending message 105 to peer 0x55a9b3612760 (26 bytes)
1695938414.293561 sending message 105 to peer 0x55a9b3612760 (35 bytes)
1695938414.293563 sending message 105 to peer 0x55a9b3612760 (13 bytes)
1695938414.293565 sending message 105 to peer 0x55a9b3612760 (54 bytes)
1695938414.293567 sending message 105 to peer 0x55a9b3612760 (13 bytes)
1695938414.293569 sending message 105 to peer 0x55a9b3612760 (17 bytes)
1695938414.293570 sending message 105 to peer 0x55a9b3612760 (18 bytes)
1695938414.293572 sending message 105 to peer 0x55a9b3612760 (13 bytes)
1695938414.293574 sending message 105 to peer 0x55a9b3612760 (41 bytes)
1695938414.293576 sending message 105 to peer 0x55a9b3612760 (26 bytes)
1695938414.293578 sending message 105 to peer 0x55a9b3612760 (124 bytes)
1695938414.293580 sending message 105 to peer 0x55a9b3612760 (23 bytes)
1695938414.293582 sending message 105 to peer 0x55a9b3612760 (31 bytes)
1695938414.293584 sending message 105 to peer 0x55a9b3612760 (23 bytes)
1695938414.293586 sending message 105 to peer 0x55a9b3612760 (31 bytes)
1695938414.293588 sending message 105 to peer 0x55a9b3612760 (21 bytes)
1695938414.293590 sending message 105 to peer 0x55a9b3612760 (20 bytes)
1695938414.293591 sending message 105 to peer 0x55a9b3612760 (29 bytes)
1695938414.293593 sending message 105 to peer 0x55a9b3612760 (16 bytes)
1695938414.293595 sending message 105 to peer 0x55a9b3612760 (17 bytes)
1695938414.293597 sending message 106 to peer 0x55a9b3612760 (0 bytes)
1695938414.293620 sending message 200 to peer 0x55a9b3612760 (4 bytes)
1695938414.293623 client loop enter
1695938414.293819 peer 0x55a9b3612760 message 303
1695938414.293824 open write file 2 -
1695938414.293828 sending message 305 to peer 0x55a9b3612760 (8 bytes)
1695938414.293832 write check file 2
1695938414.293872 peer 0x55a9b3612760 message 304
1695938414.293875 write 58 to file 2
1695938414.293878 peer 0x55a9b3612760 message 203
1695938414.293884 file 2 58 bytes left
1695938414.293890 write check file 2
1695938414.293892 client loop exit
